{"D:\\Users\\naruechatbu\\Work\\__Personal__\\DashboardGpilot\\Frontend\\src\\shared\\api\\api-error.ts": {"path":"D:\\Users\\naruechatbu\\Work\\__Personal__\\DashboardGpilot\\Frontend\\src\\shared\\api\\api-error.ts","statementMap":{"0":{"start":{"line":6,"column":4},"end":{"line":6,"column":null}},"1":{"start":{"line":7,"column":4},"end":{"line":7,"column":null}},"2":{"start":{"line":8,"column":4},"end":{"line":8,"column":null}},"3":{"start":{"line":9,"column":4},"end":{"line":9,"column":null}},"4":{"start":{"line":12,"column":4},"end":{"line":12,"column":null}}},"fnMap":{"0":{"name":"(anonymous_0)","decl":{"start":{"line":5,"column":2},"end":{"line":5,"column":14}},"loc":{"start":{"line":5,"column":72},"end":{"line":12,"column":null}},"line":5}},"branchMap":{"0":{"loc":{"start":{"line":5,"column":31},"end":{"line":5,"column":57}},"type":"default-arg","locations":[{"start":{"line":5,"column":52},"end":{"line":5,"column":57}}],"line":5}},"s":{"0":0,"1":0,"2":0,"3":0,"4":0},"f":{"0":0},"b":{"0":[0]},"meta":{"lastBranch":1,"lastFunction":1,"lastStatement":5,"seen":{"f:5:2:5:14":0,"b:5:52:5:57":0,"s:6:4:6:Infinity":0,"s:7:4:7:Infinity":1,"s:8:4:8:Infinity":2,"s:9:4:9:Infinity":3,"s:12:4:12:Infinity":4}}}
,"D:\\Users\\naruechatbu\\Work\\__Personal__\\DashboardGpilot\\Frontend\\src\\shared\\services\\trade-history-service.ts": {"path":"D:\\Users\\naruechatbu\\Work\\__Personal__\\DashboardGpilot\\Frontend\\src\\shared\\services\\trade-history-service.ts","statementMap":{"0":{"start":{"line":8,"column":21},"end":{"line":8,"column":null}},"1":{"start":{"line":10,"column":35},"end":{"line":140,"column":null}},"2":{"start":{"line":16,"column":4},"end":{"line":137,"column":null}},"3":{"start":{"line":17,"column":25},"end":{"line":17,"column":null}},"4":{"start":{"line":18,"column":6},"end":{"line":118,"column":null}},"5":{"start":{"line":20,"column":8},"end":{"line":118,"column":null}},"6":{"start":{"line":121,"column":23},"end":{"line":121,"column":79}},"7":{"start":{"line":123,"column":6},"end":{"line":127,"column":null}},"8":{"start":{"line":130,"column":8},"end":{"line":132,"column":null}},"9":{"start":{"line":133,"column":6},"end":{"line":137,"column":null}}},"fnMap":{"0":{"name":"(anonymous_0)","decl":{"start":{"line":15,"column":14},"end":{"line":15,"column":75}},"loc":{"start":{"line":15,"column":75},"end":{"line":140,"column":null}},"line":15}},"branchMap":{"0":{"loc":{"start":{"line":18,"column":6},"end":{"line":118,"column":null}},"type":"if","locations":[{"start":{"line":18,"column":6},"end":{"line":118,"column":null}},{"start":{},"end":{}}],"line":18},"1":{"loc":{"start":{"line":130,"column":8},"end":{"line":132,"column":null}},"type":"cond-expr","locations":[{"start":{"line":131,"column":12},"end":{"line":131,"column":null}},{"start":{"line":132,"column":12},"end":{"line":132,"column":null}}],"line":130}},"s":{"0":1,"1":1,"2":3,"3":3,"4":3,"5":1,"6":2,"7":1,"8":1,"9":1},"f":{"0":3},"b":{"0":[1,2],"1":[0,1]},"meta":{"lastBranch":2,"lastFunction":1,"lastStatement":10,"seen":{"s:8:21:8:Infinity":0,"s:10:35:140:Infinity":1,"f:15:14:15:75":0,"s:16:4:137:Infinity":2,"s:17:25:17:Infinity":3,"b:18:6:118:Infinity:undefined:undefined:undefined:undefined":0,"s:18:6:118:Infinity":4,"s:20:8:118:Infinity":5,"s:121:23:121:79":6,"s:123:6:127:Infinity":7,"s:130:8:132:Infinity":8,"b:131:12:131:Infinity:132:12:132:Infinity":1,"s:133:6:137:Infinity":9}}}
,"D:\\Users\\naruechatbu\\Work\\__Personal__\\DashboardGpilot\\Frontend\\src\\shared\\ui\\metric-card.tsx": {"path":"D:\\Users\\naruechatbu\\Work\\__Personal__\\DashboardGpilot\\Frontend\\src\\shared\\ui\\metric-card.tsx","statementMap":{"0":{"start":{"line":1,"column":0},"end":{"line":1,"column":null}},"1":{"start":{"line":23,"column":8},"end":{"line":30,"column":null}},"2":{"start":{"line":24,"column":4},"end":{"line":30,"column":null}},"3":{"start":{"line":26,"column":8},"end":{"line":26,"column":null}},"4":{"start":{"line":28,"column":8},"end":{"line":28,"column":null}},"5":{"start":{"line":30,"column":8},"end":{"line":30,"column":null}},"6":{"start":{"line":34,"column":2},"end":{"line":97,"column":null}},"7":{"start":{"line":84,"column":16},"end":{"line":86,"column":null}}},"fnMap":{"0":{"name":"MetricCard","decl":{"start":{"line":15,"column":16},"end":{"line":15,"column":27}},"loc":{"start":{"line":22,"column":30},"end":{"line":97,"column":null}},"line":22},"1":{"name":"(anonymous_1)","decl":{"start":{"line":23,"column":8},"end":{"line":23,"column":31}},"loc":{"start":{"line":23,"column":31},"end":{"line":30,"column":null}},"line":23},"2":{"name":"(anonymous_2)","decl":{"start":{"line":83,"column":14},"end":{"line":83,"column":24}},"loc":{"start":{"line":84,"column":16},"end":{"line":86,"column":null}},"line":84}},"branchMap":{"0":{"loc":{"start":{"line":19,"column":2},"end":{"line":19,"column":null}},"type":"default-arg","locations":[{"start":{"line":19,"column":15},"end":{"line":19,"column":null}}],"line":19},"1":{"loc":{"start":{"line":21,"column":2},"end":{"line":21,"column":null}},"type":"default-arg","locations":[{"start":{"line":21,"column":14},"end":{"line":21,"column":null}}],"line":21},"2":{"loc":{"start":{"line":24,"column":4},"end":{"line":30,"column":null}},"type":"switch","locations":[{"start":{"line":25,"column":6},"end":{"line":26,"column":null}},{"start":{"line":27,"column":6},"end":{"line":28,"column":null}},{"start":{"line":29,"column":6},"end":{"line":30,"column":null}}],"line":24},"3":{"loc":{"start":{"line":63,"column":13},"end":{"line":75,"column":null}},"type":"binary-expr","locations":[{"start":{"line":63,"column":13},"end":{"line":63,"column":null}},{"start":{"line":64,"column":14},"end":{"line":75,"column":null}}],"line":63},"4":{"loc":{"start":{"line":84,"column":16},"end":{"line":86,"column":null}},"type":"cond-expr","locations":[{"start":{"line":85,"column":20},"end":{"line":85,"column":null}},{"start":{"line":86,"column":20},"end":{"line":86,"column":null}}],"line":84}},"s":{"0":1,"1":3,"2":2,"3":2,"4":0,"5":0,"6":3,"7":3},"f":{"0":3,"1":2,"2":3},"b":{"0":[3],"1":[3],"2":[2,0,0],"3":[3,2],"4":[0,3]},"meta":{"lastBranch":5,"lastFunction":3,"lastStatement":8,"seen":{"s:1:0:1:Infinity":0,"f:15:16:15:27":0,"b:19:15:19:Infinity":0,"b:21:14:21:Infinity":1,"s:23:8:30:Infinity":1,"f:23:8:23:31":1,"b:25:6:26:Infinity:27:6:28:Infinity:29:6:30:Infinity":2,"s:24:4:30:Infinity":2,"s:26:8:26:Infinity":3,"s:28:8:28:Infinity":4,"s:30:8:30:Infinity":5,"s:34:2:97:Infinity":6,"b:63:13:63:Infinity:64:14:75:Infinity":3,"f:83:14:83:24":2,"s:84:16:86:Infinity":7,"b:85:20:85:Infinity:86:20:86:Infinity":4}}}
,"D:\\Users\\naruechatbu\\Work\\__Personal__\\DashboardGpilot\\Frontend\\src\\shared\\utils\\index.ts": {"path":"D:\\Users\\naruechatbu\\Work\\__Personal__\\DashboardGpilot\\Frontend\\src\\shared\\utils\\index.ts","statementMap":{"0":{"start":{"line":5,"column":2},"end":{"line":5,"column":null}}},"fnMap":{"0":{"name":"cn","decl":{"start":{"line":4,"column":16},"end":{"line":4,"column":19}},"loc":{"start":{"line":4,"column":44},"end":{"line":5,"column":null}},"line":4}},"branchMap":{},"s":{"0":4},"f":{"0":4},"b":{},"meta":{"lastBranch":0,"lastFunction":1,"lastStatement":1,"seen":{"f:4:16:4:19":0,"s:5:2:5:Infinity":0}}}
}
